# JRE version: OpenJDK Runtime Environment Temurin-21.0.7+6 (21.0.7+6) (build 21.0.7+6-LTS)
# Java VM: OpenJDK 64-Bit Server VM Temurin-21.0.7+6 (21.0.7+6-LTS, mixed mode, sharing, tiered, compressed oops, compressed class ptrs, parallel gc, windows-amd64)
GC Precious Log:
 CardTable entry size: 512
 CPUs: 4 total, 4 available
 Memory: 8097M
 Large Page Support: Disabled
 NUMA Support: Disabled
 Compressed Oops: Enabled (32-bit)
 Alignments: Space 512K, Generation 512K, Heap 2M
 Heap Min Capacity: 100M
 Heap Initial Capacity: 100M
 Heap Max Capacity: 2G
 Pre-touch: Disabled
 Parallel Workers: 4
Heap:
 PSYoungGen      total 3584K, used 2269K [0x00000000d5580000, 0x00000000d5b00000, 0x0000000100000000)
  eden space 3072K, 57% used [0x00000000d5580000,0x00000000d5737410,0x00000000d5880000)
  from space 512K, 100% used [0x00000000d5a00000,0x00000000d5a80000,0x00000000d5a80000)
  to   space 512K, 0% used [0x00000000d5a80000,0x00000000d5a80000,0x00000000d5b00000)
 ParOldGen       total 1244160K, used 1244091K [0x0000000080000000, 0x00000000cbf00000, 0x00000000d5580000)
  object space 1244160K, 99% used [0x0000000080000000,0x00000000cbeeed20,0x00000000cbf00000)
 Metaspace       used 93974K, committed 95424K, reserved 1179648K
  class space    used 9140K, committed 9856K, reserved 1048576K
GC Heap History (20 events):
Event: 12452.896 GC heap before
{Heap before GC invocations=8130 (full 10):
 PSYoungGen      total 4096K, used 3551K [0x00000000d5580000, 0x00000000d5a80000, 0x0000000100000000)
  eden space 3072K, 99% used [0x00000000d5580000,0x00000000d587fff8,0x00000000d5880000)
  from space 1024K, 46% used [0x00000000d5880000,0x00000000d58f8000,0x00000000d5980000)
  to   space 1024K, 0% used [0x00000000d5980000,0x00000000d5980000,0x00000000d5a80000)
 ParOldGen       total 1243648K, used 1243410K [0x0000000080000000, 0x00000000cbe80000, 0x00000000d5580000)
  object space 1243648K, 99% used [0x0000000080000000,0x00000000cbe44b78,0x00000000cbe80000)
 Metaspace       used 93974K, committed 95424K, reserved 1179648K
  class space    used 9140K, committed 9856K, reserved 1048576K
}
Event: 12452.906 GC heap after
{Heap after GC invocations=8130 (full 10):
 PSYoungGen      total 4096K, used 788K [0x00000000d5580000, 0x00000000d5b80000, 0x0000000100000000)
  eden space 3072K, 0% used [0x00000000d5580000,0x00000000d5580000,0x00000000d5880000)
  from space 1024K, 77% used [0x00000000d5980000,0x00000000d5a45200,0x00000000d5a80000)
  to   space 1024K, 0% used [0x00000000d5880000,0x00000000d5880000,0x00000000d5980000)
 ParOldGen       total 1244160K, used 1243738K [0x0000000080000000, 0x00000000cbf00000, 0x00000000d5580000)
  object space 1244160K, 99% used [0x0000000080000000,0x00000000cbe96920,0x00000000cbf00000)
 Metaspace       used 93974K, committed 95424K, reserved 1179648K
  class space    used 9140K, committed 9856K, reserved 1048576K
}
Event: 12452.919 GC heap before
{Heap before GC invocations=8131 (full 10):
 PSYoungGen      total 4096K, used 3860K [0x00000000d5580000, 0x00000000d5b80000, 0x0000000100000000)
  eden space 3072K, 100% used [0x00000000d5580000,0x00000000d5880000,0x00000000d5880000)
  from space 1024K, 77% used [0x00000000d5980000,0x00000000d5a45200,0x00000000d5a80000)
  to   space 1024K, 0% used [0x00000000d5880000,0x00000000d5880000,0x00000000d5980000)
 ParOldGen       total 1244160K, used 1243738K [0x0000000080000000, 0x00000000cbf00000, 0x00000000d5580000)
  object space 1244160K, 99% used [0x0000000080000000,0x00000000cbe96920,0x00000000cbf00000)
 Metaspace       used 93974K, committed 95424K, reserved 1179648K
  class space    used 9140K, committed 9856K, reserved 1048576K
}
Event: 12452.923 GC heap after
{Heap after GC invocations=8131 (full 10):
 PSYoungGen      total 4096K, used 676K [0x00000000d5580000, 0x00000000d5b80000, 0x0000000100000000)
  eden space 3072K, 0% used [0x00000000d5580000,0x00000000d5580000,0x00000000d5880000)
  from space 1024K, 66% used [0x00000000d5880000,0x00000000d5929210,0x00000000d5980000)
  to   space 1024K, 0% used [0x00000000d5a80000,0x00000000d5a80000,0x00000000d5b80000)
 ParOldGen       total 1244160K, used 1243754K [0x0000000080000000, 0x00000000cbf00000, 0x00000000d5580000)
  object space 1244160K, 99% used [0x0000000080000000,0x00000000cbe9a920,0x00000000cbf00000)
 Metaspace       used 93974K, committed 95424K, reserved 1179648K
  class space    used 9140K, committed 9856K, reserved 1048576K
}
Event: 12453.573 GC heap before
{Heap before GC invocations=8132 (full 10):
 PSYoungGen      total 4096K, used 3748K [0x00000000d5580000, 0x00000000d5b80000, 0x0000000100000000)
  eden space 3072K, 100% used [0x00000000d5580000,0x00000000d5880000,0x00000000d5880000)
  from space 1024K, 66% used [0x00000000d5880000,0x00000000d5929210,0x00000000d5980000)
  to   space 1024K, 0% used [0x00000000d5a80000,0x00000000d5a80000,0x00000000d5b80000)
 ParOldGen       total 1244160K, used 1243754K [0x0000000080000000, 0x00000000cbf00000, 0x00000000d5580000)
  object space 1244160K, 99% used [0x0000000080000000,0x00000000cbe9a920,0x00000000cbf00000)
 Metaspace       used 93974K, committed 95424K, reserved 1179648K
  class space    used 9140K, committed 9856K, reserved 1048576K
}
Event: 12453.582 GC heap after
{Heap after GC invocations=8132 (full 10):
 PSYoungGen      total 3584K, used 356K [0x00000000d5580000, 0x00000000d5b00000, 0x0000000100000000)
  eden space 3072K, 0% used [0x00000000d5580000,0x00000000d5580000,0x00000000d5880000)
  from space 512K, 69% used [0x00000000d5a80000,0x00000000d5ad9210,0x00000000d5b00000)
  to   space 512K, 0% used [0x00000000d5a00000,0x00000000d5a00000,0x00000000d5a80000)
 ParOldGen       total 1244160K, used 1243786K [0x0000000080000000, 0x00000000cbf00000, 0x00000000d5580000)
  object space 1244160K, 99% used [0x0000000080000000,0x00000000cbea2920,0x00000000cbf00000)
 Metaspace       used 93974K, committed 95424K, reserved 1179648K
  class space    used 9140K, committed 9856K, reserved 1048576K
}
Event: 12453.616 GC heap before
{Heap before GC invocations=8133 (full 10):
 PSYoungGen      total 3584K, used 3428K [0x00000000d5580000, 0x00000000d5b00000, 0x0000000100000000)
  eden space 3072K, 100% used [0x00000000d5580000,0x00000000d5880000,0x00000000d5880000)
  from space 512K, 69% used [0x00000000d5a80000,0x00000000d5ad9210,0x00000000d5b00000)
  to   space 512K, 0% used [0x00000000d5a00000,0x00000000d5a00000,0x00000000d5a80000)
 ParOldGen       total 1244160K, used 1243786K [0x0000000080000000, 0x00000000cbf00000, 0x00000000d5580000)
  object space 1244160K, 99% used [0x0000000080000000,0x00000000cbea2920,0x00000000cbf00000)
 Metaspace       used 93974K, committed 95424K, reserved 1179648K
  class space    used 9140K, committed 9856K, reserved 1048576K
}
Event: 12453.621 GC heap after
{Heap after GC invocations=8133 (full 10):
 PSYoungGen      total 3584K, used 128K [0x00000000d5580000, 0x00000000d5b00000, 0x0000000100000000)
  eden space 3072K, 0% used [0x00000000d5580000,0x00000000d5580000,0x00000000d5880000)
  from space 512K, 25% used [0x00000000d5a00000,0x00000000d5a20000,0x00000000d5a80000)
  to   space 512K, 0% used [0x00000000d5a80000,0x00000000d5a80000,0x00000000d5b00000)
 ParOldGen       total 1244160K, used 1243818K [0x0000000080000000, 0x00000000cbf00000, 0x00000000d5580000)
  object space 1244160K, 99% used [0x0000000080000000,0x00000000cbeaa920,0x00000000cbf00000)
 Metaspace       used 93974K, committed 95424K, reserved 1179648K
  class space    used 9140K, committed 9856K, reserved 1048576K
}
Event: 12454.678 GC heap before
{Heap before GC invocations=8134 (full 10):
 PSYoungGen      total 3584K, used 3200K [0x00000000d5580000, 0x00000000d5b00000, 0x0000000100000000)
  eden space 3072K, 100% used [0x00000000d5580000,0x00000000d5880000,0x00000000d5880000)
  from space 512K, 25% used [0x00000000d5a00000,0x00000000d5a20000,0x00000000d5a80000)
  to   space 512K, 0% used [0x00000000d5a80000,0x00000000d5a80000,0x00000000d5b00000)
 ParOldGen       total 1244160K, used 1243818K [0x0000000080000000, 0x00000000cbf00000, 0x00000000d5580000)
  object space 1244160K, 99% used [0x0000000080000000,0x00000000cbeaa920,0x00000000cbf00000)
 Metaspace       used 93974K, committed 95424K, reserved 1179648K
  class space    used 9140K, committed 9856K, reserved 1048576K
}
Event: 12454.684 GC heap after
{Heap after GC invocations=8134 (full 10):
 PSYoungGen      total 3584K, used 96K [0x00000000d5580000, 0x00000000d5b00000, 0x0000000100000000)
  eden space 3072K, 0% used [0x00000000d5580000,0x00000000d5580000,0x00000000d5880000)
  from space 512K, 18% used [0x00000000d5a80000,0x00000000d5a98000,0x00000000d5b00000)
  to   space 512K, 0% used [0x00000000d5a00000,0x00000000d5a00000,0x00000000d5a80000)
 ParOldGen       total 1244160K, used 1243850K [0x0000000080000000, 0x00000000cbf00000, 0x00000000d5580000)
  object space 1244160K, 99% used [0x0000000080000000,0x00000000cbeb2920,0x00000000cbf00000)
 Metaspace       used 93974K, committed 95424K, reserved 1179648K
  class space    used 9140K, committed 9856K, reserved 1048576K
}
Event: 12455.651 GC heap before
{Heap before GC invocations=8135 (full 10):
 PSYoungGen      total 3584K, used 3168K [0x00000000d5580000, 0x00000000d5b00000, 0x0000000100000000)
  eden space 3072K, 100% used [0x00000000d5580000,0x00000000d5880000,0x00000000d5880000)
  from space 512K, 18% used [0x00000000d5a80000,0x00000000d5a98000,0x00000000d5b00000)
  to   space 512K, 0% used [0x00000000d5a00000,0x00000000d5a00000,0x00000000d5a80000)
 ParOldGen       total 1244160K, used 1243850K [0x0000000080000000, 0x00000000cbf00000, 0x00000000d5580000)
  object space 1244160K, 99% used [0x0000000080000000,0x00000000cbeb2920,0x00000000cbf00000)
 Metaspace       used 93974K, committed 95424K, reserved 1179648K
  class space    used 9140K, committed 9856K, reserved 1048576K
}
Event: 12455.658 GC heap after
{Heap after GC invocations=8135 (full 10):
 PSYoungGen      total 3584K, used 96K [0x00000000d5580000, 0x00000000d5b00000, 0x0000000100000000)
  eden space 3072K, 0% used [0x00000000d5580000,0x00000000d5580000,0x00000000d5880000)
  from space 512K, 18% used [0x00000000d5a00000,0x00000000d5a18000,0x00000000d5a80000)
  to   space 512K, 0% used [0x00000000d5a80000,0x00000000d5a80000,0x00000000d5b00000)
 ParOldGen       total 1244160K, used 1243882K [0x0000000080000000, 0x00000000cbf00000, 0x00000000d5580000)
  object space 1244160K, 99% used [0x0000000080000000,0x00000000cbeba920,0x00000000cbf00000)
 Metaspace       used 93974K, committed 95424K, reserved 1179648K
  class space    used 9140K, committed 9856K, reserved 1048576K
}
Event: 12456.104 GC heap before
{Heap before GC invocations=8136 (full 10):
 PSYoungGen      total 3584K, used 3168K [0x00000000d5580000, 0x00000000d5b00000, 0x0000000100000000)
  eden space 3072K, 100% used [0x00000000d5580000,0x00000000d5880000,0x00000000d5880000)
  from space 512K, 18% used [0x00000000d5a00000,0x00000000d5a18000,0x00000000d5a80000)
  to   space 512K, 0% used [0x00000000d5a80000,0x00000000d5a80000,0x00000000d5b00000)
 ParOldGen       total 1244160K, used 1243882K [0x0000000080000000, 0x00000000cbf00000, 0x00000000d5580000)
  object space 1244160K, 99% used [0x0000000080000000,0x00000000cbeba920,0x00000000cbf00000)
 Metaspace       used 93974K, committed 95424K, reserved 1179648K
  class space    used 9140K, committed 9856K, reserved 1048576K
}
Event: 12456.113 GC heap after
{Heap after GC invocations=8136 (full 10):
 PSYoungGen      total 3584K, used 96K [0x00000000d5580000, 0x00000000d5b00000, 0x0000000100000000)
  eden space 3072K, 0% used [0x00000000d5580000,0x00000000d5580000,0x00000000d5880000)
  from space 512K, 18% used [0x00000000d5a80000,0x00000000d5a98000,0x00000000d5b00000)
  to   space 512K, 0% used [0x00000000d5a00000,0x00000000d5a00000,0x00000000d5a80000)
 ParOldGen       total 1244160K, used 1243882K [0x0000000080000000, 0x00000000cbf00000, 0x00000000d5580000)
  object space 1244160K, 99% used [0x0000000080000000,0x00000000cbeba920,0x00000000cbf00000)
 Metaspace       used 93974K, committed 95424K, reserved 1179648K
  class space    used 9140K, committed 9856K, reserved 1048576K
}
Event: 12456.934 GC heap before
{Heap before GC invocations=8137 (full 10):
 PSYoungGen      total 3584K, used 3168K [0x00000000d5580000, 0x00000000d5b00000, 0x0000000100000000)
  eden space 3072K, 100% used [0x00000000d5580000,0x00000000d5880000,0x00000000d5880000)
  from space 512K, 18% used [0x00000000d5a80000,0x00000000d5a98000,0x00000000d5b00000)
  to   space 512K, 0% used [0x00000000d5a00000,0x00000000d5a00000,0x00000000d5a80000)
 ParOldGen       total 1244160K, used 1243882K [0x0000000080000000, 0x00000000cbf00000, 0x00000000d5580000)
  object space 1244160K, 99% used [0x0000000080000000,0x00000000cbeba920,0x00000000cbf00000)
 Metaspace       used 93974K, committed 95424K, reserved 1179648K
  class space    used 9140K, committed 9856K, reserved 1048576K
}
Event: 12456.937 GC heap after
{Heap after GC invocations=8137 (full 10):
 PSYoungGen      total 3584K, used 96K [0x00000000d5580000, 0x00000000d5b00000, 0x0000000100000000)
  eden space 3072K, 0% used [0x00000000d5580000,0x00000000d5580000,0x00000000d5880000)
  from space 512K, 18% used [0x00000000d5a00000,0x00000000d5a18000,0x00000000d5a80000)
  to   space 512K, 0% used [0x00000000d5a80000,0x00000000d5a80000,0x00000000d5b00000)
 ParOldGen       total 1244160K, used 1243882K [0x0000000080000000, 0x00000000cbf00000, 0x00000000d5580000)
  object space 1244160K, 99% used [0x0000000080000000,0x00000000cbeba920,0x00000000cbf00000)
 Metaspace       used 93974K, committed 95424K, reserved 1179648K
  class space    used 9140K, committed 9856K, reserved 1048576K
}
Event: 12473.677 GC heap before
{Heap before GC invocations=8138 (full 10):
 PSYoungGen      total 3584K, used 3168K [0x00000000d5580000, 0x00000000d5b00000, 0x0000000100000000)
  eden space 3072K, 100% used [0x00000000d5580000,0x00000000d5880000,0x00000000d5880000)
  from space 512K, 18% used [0x00000000d5a00000,0x00000000d5a18000,0x00000000d5a80000)
  to   space 512K, 0% used [0x00000000d5a80000,0x00000000d5a80000,0x00000000d5b00000)
 ParOldGen       total 1244160K, used 1243882K [0x0000000080000000, 0x00000000cbf00000, 0x00000000d5580000)
  object space 1244160K, 99% used [0x0000000080000000,0x00000000cbeba920,0x00000000cbf00000)
 Metaspace       used 93974K, committed 95424K, reserved 1179648K
  class space    used 9140K, committed 9856K, reserved 1048576K
}
Event: 12473.682 GC heap after
{Heap after GC invocations=8138 (full 10):
 PSYoungGen      total 3584K, used 180K [0x00000000d5580000, 0x00000000d5b00000, 0x0000000100000000)
  eden space 3072K, 0% used [0x00000000d5580000,0x00000000d5580000,0x00000000d5880000)
  from space 512K, 35% used [0x00000000d5a80000,0x00000000d5aad200,0x00000000d5b00000)
  to   space 512K, 0% used [0x00000000d5a00000,0x00000000d5a00000,0x00000000d5a80000)
 ParOldGen       total 1244160K, used 1243882K [0x0000000080000000, 0x00000000cbf00000, 0x00000000d5580000)
  object space 1244160K, 99% used [0x0000000080000000,0x00000000cbeba920,0x00000000cbf00000)
 Metaspace       used 93974K, committed 95424K, reserved 1179648K
  class space    used 9140K, committed 9856K, reserved 1048576K
}
Event: 12473.704 GC heap before
{Heap before GC invocations=8139 (full 10):
 PSYoungGen      total 3584K, used 3252K [0x00000000d5580000, 0x00000000d5b00000, 0x0000000100000000)
  eden space 3072K, 100% used [0x00000000d5580000,0x00000000d5880000,0x00000000d5880000)
  from space 512K, 35% used [0x00000000d5a80000,0x00000000d5aad200,0x00000000d5b00000)
  to   space 512K, 0% used [0x00000000d5a00000,0x00000000d5a00000,0x00000000d5a80000)
 ParOldGen       total 1244160K, used 1243882K [0x0000000080000000, 0x00000000cbf00000, 0x00000000d5580000)
  object space 1244160K, 99% used [0x0000000080000000,0x00000000cbeba920,0x00000000cbf00000)
 Metaspace       used 93974K, committed 95424K, reserved 1179648K
  class space    used 9140K, committed 9856K, reserved 1048576K
}
Event: 12473.708 GC heap after
{Heap after GC invocations=8139 (full 10):
 PSYoungGen      total 3584K, used 512K [0x00000000d5580000, 0x00000000d5b00000, 0x0000000100000000)
  eden space 3072K, 0% used [0x00000000d5580000,0x00000000d5580000,0x00000000d5880000)
  from space 512K, 100% used [0x00000000d5a00000,0x00000000d5a80000,0x00000000d5a80000)
  to   space 512K, 0% used [0x00000000d5a80000,0x00000000d5a80000,0x00000000d5b00000)
 ParOldGen       total 1244160K, used 1244091K [0x0000000080000000, 0x00000000cbf00000, 0x00000000d5580000)
  object space 1244160K, 99% used [0x0000000080000000,0x00000000cbeeed20,0x00000000cbf00000)
 Metaspace       used 93974K, committed 95424K, reserved 1179648K
  class space    used 9140K, committed 9856K, reserved 1048576K
}

